----------------------------------------------------------------
Thu Apr 02 12:58:15 PDT 2015:
Booting Derby version The Apache Software Foundation - Apache Derby - 10.10.2.0 - (1582446): instance a816c00e-014c-7bb6-6bda-0000063c2108 
on database directory C:\GitHub\investor\jackrabbit\version\db with class loader sun.misc.Launcher$AppClassLoader@60b99e4c 
Loaded from file:/C:/Users/mazs/.m2/repository/org/apache/derby/derby/10.10.2.0/derby-10.10.2.0.jar
java.vendor=Oracle Corporation
java.runtime.version=1.7.0_75-b13
user.dir=C:\GitHub\investor
os.name=Windows 7
os.arch=amd64
os.version=6.1
derby.system.home=null
Database Class Loader started - derby.database.classpath=''
----------------------------------------------------------------
Thu Apr 02 12:58:16 PDT 2015:
Booting Derby version The Apache Software Foundation - Apache Derby - 10.10.2.0 - (1582446): instance 645c405f-014c-7bb6-6bda-0000063c2108 
on database directory C:\GitHub\investor\jackrabbit\workspaces\default\db with class loader sun.misc.Launcher$AppClassLoader@60b99e4c 
Loaded from file:/C:/Users/mazs/.m2/repository/org/apache/derby/derby/10.10.2.0/derby-10.10.2.0.jar
java.vendor=Oracle Corporation
java.runtime.version=1.7.0_75-b13
user.dir=C:\GitHub\investor
os.name=Windows 7
os.arch=amd64
os.version=6.1
derby.system.home=null
Database Class Loader started - derby.database.classpath=''
----------------------------------------------------------------
Thu Apr 02 12:58:17 PDT 2015:
Booting Derby version The Apache Software Foundation - Apache Derby - 10.10.2.0 - (1582446): instance 070a00b0-014c-7bb6-6bda-0000063c2108 
on database directory C:\GitHub\investor\jackrabbit\workspaces\security\db with class loader sun.misc.Launcher$AppClassLoader@60b99e4c 
Loaded from file:/C:/Users/mazs/.m2/repository/org/apache/derby/derby/10.10.2.0/derby-10.10.2.0.jar
java.vendor=Oracle Corporation
java.runtime.version=1.7.0_75-b13
user.dir=C:\GitHub\investor
os.name=Windows 7
os.arch=amd64
os.version=6.1
derby.system.home=null
Database Class Loader started - derby.database.classpath=''
----------------------------------------------------------------
Thu Apr 02 12:58:17 PDT 2015:
Shutting down instance 645c405f-014c-7bb6-6bda-0000063c2108 on database directory C:\GitHub\investor\jackrabbit\workspaces\default\db with class loader sun.misc.Launcher$AppClassLoader@60b99e4c 
----------------------------------------------------------------
Thu Apr 02 12:58:18 PDT 2015:
Shutting down instance 070a00b0-014c-7bb6-6bda-0000063c2108 on database directory C:\GitHub\investor\jackrabbit\workspaces\security\db with class loader sun.misc.Launcher$AppClassLoader@60b99e4c 
----------------------------------------------------------------
Thu Apr 02 12:58:18 PDT 2015:
Shutting down instance a816c00e-014c-7bb6-6bda-0000063c2108 on database directory C:\GitHub\investor\jackrabbit\version\db with class loader sun.misc.Launcher$AppClassLoader@60b99e4c 
